<?xml version="1.0" encoding="UTF-8"?>
<testng-results skipped="0" failed="0" ignored="0" total="1" passed="1">
  <reporter-output>
  </reporter-output>
  <suite name="Default suite" duration-ms="81" started-at="2022-03-01T22:57:17 IST" finished-at="2022-03-01T22:57:17 IST">
    <groups>
    </groups>
    <test name="Default test" duration-ms="81" started-at="2022-03-01T22:57:17 IST" finished-at="2022-03-01T22:57:17 IST">
      <class name="SalesFlow.SalesUser02day02">
        <test-method status="PASS" signature="user02method01()[pri:0, instance:SalesFlow.SalesUser02day02@77f99a05]" name="user02method01" duration-ms="12" started-at="2022-03-01T22:57:17 IST" finished-at="2022-03-01T22:57:17 IST">
          <reporter-output>
          </reporter-output>
        </test-method> <!-- user02method01 -->
      </class> <!-- SalesFlow.SalesUser02day02 -->
    </test> <!-- Default test -->
  </suite> <!-- Default suite -->
</testng-results>
