<?xml version="1.0" encoding="UTF-8"?>
<testng-results skipped="0" failed="0" ignored="0" total="1" passed="1">
  <reporter-output>
  </reporter-output>
  <suite name="Default suite" duration-ms="82" started-at="2022-02-28T22:49:29 IST" finished-at="2022-02-28T22:49:29 IST">
    <groups>
    </groups>
    <test name="Default test" duration-ms="82" started-at="2022-02-28T22:49:29 IST" finished-at="2022-02-28T22:49:29 IST">
      <class name="SalesFlow.salesUser01day01">
        <test-method status="PASS" signature="salesuser01method01()[pri:0, instance:SalesFlow.salesUser01day01@77f99a05]" name="salesuser01method01" duration-ms="13" started-at="2022-02-28T22:49:29 IST" finished-at="2022-02-28T22:49:29 IST">
          <reporter-output>
          </reporter-output>
        </test-method> <!-- salesuser01method01 -->
      </class> <!-- SalesFlow.salesUser01day01 -->
    </test> <!-- Default test -->
  </suite> <!-- Default suite -->
</testng-results>
